 
****************************************
Report : timing
        -path full
        -delay max
        -max_paths 1
Design : aludecoder
Version: L-2016.03-SP5-2
Date   : Tue Feb 28 14:01:39 2017
****************************************

Operating Conditions: typical   Library: osu05_stdcells
Wire Load Model Mode: top

  Startpoint: funct[4] (input port)
  Endpoint: op[4] (output port)
  Path Group: default
  Path Type: max

  Point                                    Incr       Path
  -----------------------------------------------------------
  input external delay                     0.00       0.00 r
  funct[4] (in)                            0.00       0.00 r
  U33/Y (NOR2X1)                           0.13       0.13 f
  U32/Y (NAND2X1)                          0.18       0.31 r
  U31/Y (NOR2X1)                           0.33       0.64 f
  U30/Y (NAND3X1)                          0.27       0.90 r
  U5/Y (INVX2)                             0.10       1.00 f
  U22/Y (NAND2X1)                          0.13       1.13 r
  U19/Y (OAI21X1)                          0.05       1.18 f
  op[4] (out)                              0.00       1.18 f
  data arrival time                                   1.18

  max_delay                               25.00      25.00
  output external delay                    0.00      25.00
  data required time                                 25.00
  -----------------------------------------------------------
  data required time                                 25.00
  data arrival time                                  -1.18
  -----------------------------------------------------------
  slack (MET)                                        23.82


1
