 
****************************************
Report : area
Design : aludec
Version: L-2016.03-SP5-2
Date   : Tue May  2 10:48:19 2017
****************************************

Information: Updating design information... (UID-85)
Library(s) Used:

    osu05_stdcells (File: /home/shared/OSU/synopsys/lib/ami05/osu05_stdcells.db)

Number of ports:                           15
Number of nets:                            49
Number of cells:                           41
Number of combinational cells:             41
Number of sequential cells:                 0
Number of macros/black boxes:               0
Number of buf/inv:                         12
Number of references:                       8

Combinational area:               8730.000000
Buf/Inv area:                     1728.000000
Noncombinational area:               0.000000
Macro/Black Box area:                0.000000
Net Interconnect area:      undefined  (No wire load specified)

Total cell area:                  8730.000000
Total area:                 undefined
1
