 
****************************************
Report : constraint
Design : aludec
Version: L-2016.03-SP5-2
Date   : Tue May  2 10:48:19 2017
****************************************


                                                   Weighted
    Group (max_delay/setup)      Cost     Weight     Cost
    -----------------------------------------------------
    default                      0.00      1.00      0.00
    -----------------------------------------------------
    max_delay/setup                                  0.00

                              Total Neg  Critical
    Group (critical_range)      Slack    Endpoints   Cost
    -----------------------------------------------------
    default                      0.00         0      0.00
    -----------------------------------------------------
    critical_range                                   0.00


    Constraint                                       Cost
    -----------------------------------------------------
    max_capacitance                                  0.00 (MET)
    max_delay/setup                                  0.00 (MET)
    critical_range                                   0.00 (MET)


1
