### Custom WaveView ADV log file, revision L-2016.06-SP2 (build Nov 14, ) ###
### created at 15:12:24 on Tue Mar  7 2017 (Linux AMD64) ###
### Host Name: localhost.localdomain   User ID: hoeflinc   PID: 4248   ###
wv_start_log
# (0) running in waveview only mode
# (0) SW_SX_PERL_LIB defined
# (0) SW_SX_TCL_LIB defined
# (0) HOME defined
wv_move_window CustomWaveView 0 0
wv_resize_window CustomWaveView 800 400
wv_move_window CustomWaveView 557 315
wv_move_window CustomWaveView -3 1
wv_resize_window CustomWaveView 1920 971
sx_open_sim_file_read {yzdet_8_bench.tr0}
wv_move_window CustomWaveView -3 31
wv_move_window CustomWaveView -3 1
wv_move_window CustomWaveView -3 31
wv_expand_tree_item MainWindow.hierview {D0:yzdet_8_bench.tr0}
wv_select_tree_item MainWindow.hierview {D0:yzdet_8_bench.tr0}
wv_select_tree_item MainWindow.hierview {D0:yzdet_8_bench.tr0/toplevel}
wv_select_list_item MainWindow.sigview v(in7)
wv_drag_list_item MainWindow.sigview v(in7)
wv_shift_select_list_item MainWindow.sigview v(in0)
wv_select_list_item MainWindow.sigview v(in7)
wv_dclick_list_item MainWindow.sigview v(in7)
wv_select_list_item MainWindow.sigview v(in1)
wv_dclick_list_item MainWindow.sigview v(in1)
wv_select_list_item MainWindow.sigview v(in0)
wv_dclick_list_item MainWindow.sigview v(in0)
wv_select_list_item MainWindow.sigview v(zero)
wv_dclick_list_item MainWindow.sigview v(zero)
wv_waveview_context_menu WV1.PANEL1:1 9.16941e-09 0.873016
wv_select_context_menu_item {Delete Panel}
wv_move_dialog Confirmation 869 498
wv_select_dialog Confirmation
wv_press_button Confirmation.Ok
wv_waveview_context_menu WV1.PANEL2:1 9.118e-09 2.64706
wv_select_context_menu_item {Delete Panel}
wv_move_dialog Confirmation 869 498
wv_select_dialog Confirmation
wv_press_button Confirmation.Ok
wv_waveview_context_menu WV1.PANEL2:1 9.5122e-09 4.42986
wv_select_context_menu_item {Clear WaveView}
wv_select_list_item MainWindow.sigview v(a_0_)
wv_shift_select_list_item MainWindow.sigview v(a_7_)
wv_drag_list_item MainWindow.sigview v(a_5_)
wv_drag_enter WV1
wv_drop_on WV1
wv_select_list_item MainWindow.sigview v(zero)
wv_drag_list_item MainWindow.sigview v(zero)
wv_drag_enter WV1
wv_drag_to WV1 19 644
wv_drop_on WV1
wv_select_wv_item WV1.PANEL1:1.LEGEND
wv_select_panel WV1.PANEL1:1.LEGEND
wv_select_wv_item WV1.PANEL1:1.LEGEND
wv_select_panel WV1.PANEL1:1.LEGEND
wv_waveview_context_menu WV1.PANEL1:1 2.02241e-09 3.69657
wv_select_context_menu_item {Clear WaveView}
wv_select_list_item MainWindow.sigview v(in2)
wv_select_list_item MainWindow.sigview v(in0)
wv_ctrl_select_list_item MainWindow.sigview v(in7)
wv_drag_list_item MainWindow.sigview v(in7)
wv_drag_enter WV1
wv_drop_on WV1
wv_select_list_item MainWindow.sigview v(zero)
wv_drag_list_item MainWindow.sigview v(zero)
wv_drag_enter WV1
wv_drag_to WV1 27 650
wv_drop_on WV1
wv_close_window CustomWaveView
wv_move_dialog Confirmation 866 464
wv_select_dialog Confirmation
wv_move_dialog Confirmation 869 498
# wv_press_button Confirmation.Ok
