### Custom WaveView ADV log file, revision L-2016.06-SP2 (build Nov 14, ) ###
### created at 13:15:48 on Tue Feb 28 2017 (Linux AMD64) ###
### Host Name: localhost.localdomain   User ID: hoeflinc   PID: 6870   ###
wv_start_log
# (0) running in waveview only mode
# (0) SW_SX_PERL_LIB defined
# (0) SW_SX_TCL_LIB defined
# (0) HOME defined
wv_move_window CustomWaveView 0 0
wv_resize_window CustomWaveView 800 400
wv_move_window CustomWaveView 557 315
wv_move_window CustomWaveView 337 147
wv_resize_window CustomWaveView 900 550
sx_open_sim_file_read {vcdplus.vpd}
wv_select_tree_item MainWindow.hierview {D0:vcdplus.vpd}
wv_drag_tree_item MainWindow.hierview {D0:vcdplus.vpd}
wv_drag_enter WV1
wv_drop_on WV1
wv_move_window CustomWaveView -3 31
wv_resize_window CustomWaveView 1920 971
wv_select_wv_item WV1.LEGEND.WIDTH
wv_move_wv_item WV1.PANEL1:1.LEGEND.WIDTH 84
wv_select_wv_item WV1.PANEL6:1.LEGEND
wv_select_panel WV1.PANEL6:1.LEGEND
wv_shift_select_panel WV1.PANEL10:1.LEGEND
wv_release_wv_item WV1 29 279
wv_press_key Delete
wv_move_dialog Confirmation 866 464
wv_select_dialog Confirmation
wv_move_dialog Confirmation 869 498
wv_press_button Confirmation.Ok
wv_release_wv_item WV1 22 362
wv_select_wv_item WV1.PANEL5:1.LEGEND
wv_select_panel WV1.PANEL5:1.LEGEND
wv_select_wv_item WV1.PANEL1:1.LEGEND
wv_drag_item_to WV1 81 62
wv_select_wv_item WV1.LEGEND.WIDTH
wv_drag_item_to WV1 82 62
wv_move_wv_item WV1.PANEL1:1.LEGEND.WIDTH 114
wv_select_wv_item WV1.LEGEND.WIDTH
wv_drag_item_to WV1 116 62
wv_move_wv_item WV1.PANEL1:1.LEGEND.WIDTH 125
wv_select_wv_item WV1.LEGEND.WIDTH
wv_drag_item_to WV1 126 62
wv_move_wv_item WV1.PANEL1:1.LEGEND.WIDTH 152
wv_select_wv_item WV1.LEGEND.WIDTH
wv_drag_item_to WV1 153 62
wv_move_wv_item WV1.PANEL1:1.LEGEND.WIDTH 167
wv_select_wv_item WV1.LEGEND.WIDTH
wv_drag_item_to WV1 169 63
wv_move_wv_item WV1.PANEL1:1.LEGEND.WIDTH 193
wv_select_wv_item WV1.LEGEND.WIDTH
wv_drag_item_to WV1 195 64
wv_move_wv_item WV1.PANEL1:1.LEGEND.WIDTH 220
wv_select_wv_item WV1.LEGEND.WIDTH
wv_drag_item_to WV1 221 64
wv_move_wv_item WV1.PANEL1:1.LEGEND.WIDTH 235
wv_select_wv_item WV1.LEGEND.WIDTH
wv_drag_item_to WV1 234 69
wv_move_wv_item WV1.PANEL1:1.LEGEND.WIDTH 228
wv_select_panel WV1.PANEL1:1 1.35401e-08 -inf
wv_close_window CustomWaveView
wv_move_dialog Confirmation 866 464
wv_select_dialog Confirmation
wv_move_dialog Confirmation 869 498
# wv_press_button Confirmation.Ok
