 
****************************************
Report : timing
        -path full
        -delay max
        -max_paths 1
Design : decoder
Version: L-2016.03-SP5-2
Date   : Tue Feb 28 13:21:44 2017
****************************************

Operating Conditions: typical   Library: osu05_stdcells
Wire Load Model Mode: top

  Startpoint: a[0] (input port)
  Endpoint: y3 (output port)
  Path Group: default
  Path Type: max

  Point                                    Incr       Path
  -----------------------------------------------------------
  input external delay                     0.00       0.00 f
  a[0] (in)                                0.00       0.00 f
  U4/Y (INVX2)                             0.07       0.07 r
  U5/Y (NOR2X1)                            0.10       0.16 f
  y3 (out)                                 0.00       0.16 f
  data arrival time                                   0.16

  max_delay                               25.00      25.00
  output external delay                    0.00      25.00
  data required time                                 25.00
  -----------------------------------------------------------
  data required time                                 25.00
  data arrival time                                  -0.16
  -----------------------------------------------------------
  slack (MET)                                        24.84


1
